2024-03-18 16:49:40,743 INFO  [Log] open appln 
2024-03-18 16:59:36,954 INFO  [Log] open appln 
2024-03-18 16:59:42,543 INFO  [Log] login appln 
2024-03-18 16:59:47,584 INFO  [Log] Add appln 
2024-03-18 16:59:53,950 INFO  [Log] Edit appln 
2024-03-18 16:59:57,990 INFO  [Log] logout appln 
2024-03-18 16:59:59,114 INFO  [Log] closeappln 
2024-03-19 10:15:15,205 INFO  [Log] open appln 
2024-03-19 10:15:20,935 INFO  [Log] login appln 
2024-03-19 10:15:26,326 INFO  [Log] Add appln 
2024-03-19 10:15:32,754 INFO  [Log] Edit appln 
2024-03-19 10:17:21,672 INFO  [Log] open appln 
2024-03-19 10:17:27,798 INFO  [Log] login appln 
2024-03-19 10:17:33,052 INFO  [Log] Add appln 
2024-03-19 10:17:39,534 INFO  [Log] Edit appln 
2024-03-19 10:17:44,009 INFO  [Log] logout appln 
2024-03-19 10:17:45,289 INFO  [Log] closeappln 
2024-03-19 11:05:18,648 INFO  [Log] open appln 
2024-03-19 11:05:25,874 INFO  [Log] login appln 
2024-03-19 11:05:30,690 INFO  [Log] Add appln 
2024-03-19 11:05:38,014 INFO  [Log] Edit appln 
